The final grid size is  [112 112  80]
setting key: Al -> /work/dawson666/dftpy_project/nano_tensile_Al300Vac/PSP/al.gga.recpot
Step    Energy(a.u.)            dE              dP              Nd      Nls     Time(s)         
0       2.480850488721E+03      2.480850E+03    3.311285E+04    1       1       8.862836E-01    
!WARN : pAp small than zero :iter =  1 -3712898.1291857366
1       -1.891545671873E+02     -2.670005E+03   3.040916E+03    2       2       2.259941E+00    
!WARN : pAp small than zero :iter =  3 -9953.694454203041
2       -4.490545025812E+02     -2.598999E+02   1.002983E+03    4       2       4.277216E+00    
3       -5.664965936492E+02     -1.174421E+02   3.559986E+02    3       2       5.980289E+00    
!WARN : pAp small than zero :iter =  10 -1373687.3277281572
4       -5.776696319382E+02     -1.117304E+01   2.003417E+02    11      2       9.775933E+00    
5       -6.143310460982E+02     -3.666141E+01   3.768276E+01    8       3       1.320408E+01    
6       -6.197968649996E+02     -5.465819E+00   1.481412E+01    16      2       1.888464E+01    
7       -6.217397097003E+02     -1.942845E+00   3.839471E+00    8       2       2.186632E+01    
8       -6.223401892299E+02     -6.004795E-01   9.659252E-01    15      2       2.666518E+01    
9       -6.226572845582E+02     -3.170953E-01   6.627422E-01    13      1       3.056769E+01    
10      -6.227631058294E+02     -1.058213E-01   1.632241E-01    12      2       3.463025E+01    
11      -6.228317915461E+02     -6.868572E-02   1.953390E-01    19      2       4.056193E+01    
12      -6.228592420919E+02     -2.745055E-02   2.337660E-02    14      2       4.516190E+01    
13      -6.228738736847E+02     -1.463159E-02   4.354629E-02    17      2       5.055341E+01    
14      -6.228791908533E+02     -5.317169E-03   3.373220E-03    13      2       5.476666E+01    
15      -6.228817571558E+02     -2.566303E-03   6.404799E-03    18      2       6.025824E+01    
16      -6.228824922514E+02     -7.350956E-04   3.653154E-04    13      2       6.456624E+01    
17      -6.228827256241E+02     -2.333726E-04   7.189113E-04    14      2       6.912505E+01    
18      -6.228828010569E+02     -7.543280E-05   3.843929E-05    9       2       7.237258E+01    
19      -6.228828303661E+02     -2.930927E-05   6.260624E-05    16      2       7.740564E+01    
#### Density Optimization Converged ####
Chemical potential (a.u.): -0.021564162995416733
Chemical potential (eV)  : -0.5867907635606602
--------------------------------------------------------------------------------
Calculate Energy/Potential...
-------------------------------Energy information-------------------------------
   HARTREE energy (eV):  8.224349346378910E+04
        II energy (eV):  6.741627845780677E+04
   KEDF-NL energy (eV): -6.430441345562953E+02
   KEDF-TF energy (eV):  5.853976820798078E+03
   KEDF-VW energy (eV):  1.080251394145207E+03
    PSEUDO energy (eV): -1.666946469602920E+05
        XC energy (eV): -6.205814186734091E+03
     TOTAL energy (eV): -1.694950514504327E+04
--------------------------------------------------------------------------------
  kedfs energy (a.u.)            :            231.196752519454975
  kedfs energy (eV)              :           6291.184080386989081
  total energy (a.u.)            :           -622.882830366131657
  total energy (eV)              :         -16949.505145043265657
  total energy (eV/atom)         :            -56.687308177402230
Calculate Force...
              Max force (a.u.) : 0.01625               
              Min force (a.u.) : 0.00003               
              Ave force (a.u.) : 0.00421               
--------------------------------------------------------------------------------
Calculate Stress...
   HARTREE stress (a.u.): 
                    -0.00969     -0.00000     -0.00000
                    -0.00000     -0.00969      0.00000
                    -0.00000      0.00000     -0.00855
        II stress (a.u.): 
                    -0.00826     -0.00000     -0.00000
                    -0.00000     -0.00826      0.00000
                    -0.00000      0.00000     -0.00638
   KEDF-NL stress (a.u.): 
                     0.00013     -0.00000     -0.00000
                    -0.00000      0.00013      0.00000
                    -0.00000      0.00000      0.00017
   KEDF-TF stress (a.u.): 
                    -0.00133      0.00000      0.00000
                     0.00000     -0.00133      0.00000
                     0.00000      0.00000     -0.00133
   KEDF-VW stress (a.u.): 
                    -0.00023      0.00000     -0.00000
                     0.00000     -0.00023      0.00000
                    -0.00000      0.00000     -0.00027
    PSEUDO stress (a.u.): 
                     0.01870      0.00000      0.00000
                     0.00000      0.01870     -0.00000
                     0.00000     -0.00000      0.01568
        XC stress (a.u.): 
                     0.00064      0.00000      0.00000
                     0.00000      0.00064      0.00000
                     0.00000      0.00000      0.00064
     TOTAL stress (a.u.): 
                    -0.00003     -0.00000     -0.00000
                    -0.00000     -0.00003      0.00000
                    -0.00000      0.00000     -0.00004
     TOTAL stress (GPa): 
                    -1.00152     -0.00062     -0.00056
                    -0.00062     -1.00152      0.00060
                    -0.00056      0.00060     -1.04722
--------------------------------------------------------------------------------
The final grid size is  [112 112  80]
Step    Energy(a.u.)            dE              dP              Nd      Nls     Time(s)         
0       -6.228862701536E+02     -6.228863E+02   1.240745E-02    1       1       9.751832E-01    
1       -6.228903506090E+02     -4.080455E-03   1.036442E-03    7       1       3.306681E+00    
2       -6.228905337397E+02     -1.831307E-04   3.583853E-04    11      2       7.152613E+00    
