=== Job start: Tue Jan  6 12:52:57 CST 2026 ===
Host: cpn3004
PWD : /work/dawson666/dftpy_project/nano_tensile_Al300Vac/01_tensile
SLURM_JOB_ID: 299510
SLURM_CPUS_PER_TASK: 16
WORKDIR=/work/dawson666/dftpy_project/nano_tensile_Al300Vac/01_tensile
SCRIPT =/work/dawson666/dftpy_project/nano_tensile_Al300Vac/01_tensile/dftpy_tensile_nanocrystal.py
INPUT  =/work/dawson666/dftpy_project/nano_tensile_Al300Vac/00_gen/Al_supercell300_vac5_vacancy.xyz
PPPATH =/work/dawson666/dftpy_project/nano_tensile_Al300Vac/PSP/al.gga.recpot
OUTDIR =/work/dawson666/dftpy_project/nano_tensile_Al300Vac/02_results/run_Al300Vac_TFvW
Python 3.11.13
DFTpy: 2.1.2  ASE: 3.25.0
=== Run: Tue Jan  6 12:53:01 CST 2026 ===
[INFO] Cycle 0: relax middle region (grips fixed)
The final grid size is  [112 112  80]
setting key: Al -> /work/dawson666/dftpy_project/nano_tensile_Al300Vac/PSP/al.gga.recpot
Step    Energy(a.u.)            dE              dP              Nd      Nls     Time(s)         
0       2.480850488721E+03      2.480850E+03    3.311285E+04    1       1       9.825835E-01    
1       -1.870371204691E+02     -2.667888E+03   3.031245E+03    1       2       1.597350E+00    
2       -4.978326780815E+02     -3.107956E+02   3.402603E+02    1       2       2.190001E+00    
3       -5.741432671668E+02     -7.631059E+01   1.823382E+02    1       1       2.526868E+00    
4       -5.863976418849E+02     -1.225437E+01   7.046752E+01    1       2       3.139158E+00    
5       -5.982813703120E+02     -1.188373E+01   2.312346E+01    1       1       3.466576E+00    
6       -5.998535739800E+02     -1.572204E+00   3.212552E+01    1       2       4.080672E+00    
7       -6.011650445195E+02     -1.311471E+00   3.203778E+01    1       1       4.418786E+00    
8       -6.024767216334E+02     -1.311677E+00   1.217971E+01    1       1       4.772771E+00    
9       -6.029002807214E+02     -4.235591E-01   4.322433E+00    1       2       5.367600E+00    
10      -6.032035352415E+02     -3.032545E-01   4.339336E+00    1       1       5.677923E+00    
11      -6.035733230065E+02     -3.697878E-01   4.667224E+00    1       2       6.230645E+00    
12      -6.038283912522E+02     -2.550682E-01   4.373465E+00    1       1       6.541874E+00    
13      -6.040564858253E+02     -2.280946E-01   3.889677E+00    1       1       6.856782E+00    
14      -6.042928243123E+02     -2.363385E-01   3.822843E+00    1       1       7.176255E+00    
15      -6.045239330503E+02     -2.311087E-01   2.625453E+00    1       1       7.483529E+00    
16      -6.046479657132E+02     -1.240327E-01   1.680744E+00    1       2       8.094738E+00    
17      -6.047401284812E+02     -9.216277E-02   1.666309E+00    1       1       8.415936E+00    
18      -6.048088025799E+02     -6.867410E-02   1.070700E+00    1       2       8.966510E+00    
19      -6.048669950860E+02     -5.819251E-02   1.386582E+00    1       1       9.284865E+00    
20      -6.049246477716E+02     -5.765269E-02   8.757451E-01    1       1       9.617508E+00    
21      -6.049685867487E+02     -4.393898E-02   6.284315E-01    1       2       1.019122E+01    
22      -6.050048982565E+02     -3.631151E-02   5.256997E-01    1       1       1.051274E+01    
23      -6.050314481730E+02     -2.654992E-02   4.903638E-01    1       1       1.083282E+01    
24      -6.050499691013E+02     -1.852093E-02   2.738342E-01    1       2       1.142249E+01    
25      -6.050646296315E+02     -1.466053E-02   2.340790E-01    1       2       1.200760E+01    
26      -6.050801390722E+02     -1.550944E-02   2.538827E-01    1       2       1.259139E+01    
27      -6.050940865463E+02     -1.394747E-02   1.899654E-01    1       1       1.290892E+01    
28      -6.051042401746E+02     -1.015363E-02   2.035526E-01    1       1       1.322526E+01    
29      -6.051119467655E+02     -7.706591E-03   1.885099E-01    1       1       1.355896E+01    
30      -6.051198354338E+02     -7.888668E-03   1.706740E-01    1       1       1.389136E+01    
31      -6.051270203626E+02     -7.184929E-03   1.694026E-01    1       1       1.421654E+01    
32      -6.051335897295E+02     -6.569367E-03   9.525142E-02    1       2       1.479872E+01    
33      -6.051381840284E+02     -4.594299E-03   6.227312E-02    1       2       1.535921E+01    
34      -6.051414998606E+02     -3.315832E-03   5.832532E-02    1       1       1.567299E+01    
35      -6.051439141920E+02     -2.414331E-03   3.817206E-02    1       2       1.625967E+01    
36      -6.051459669527E+02     -2.052761E-03   4.612981E-02    1       1       1.657538E+01    
37      -6.051479674381E+02     -2.000485E-03   3.120194E-02    1       1       1.689479E+01    
38      -6.051494647347E+02     -1.497297E-03   1.898910E-02    1       2       1.746827E+01    
39      -6.051504419002E+02     -9.771655E-04   2.054710E-02    1       1       1.778958E+01    
40      -6.051511993686E+02     -7.574684E-04   1.730763E-02    1       1       1.811140E+01    
41      -6.051519213736E+02     -7.220050E-04   1.715307E-02    1       1       1.842096E+01    
42      -6.051526252299E+02     -7.038562E-04   1.165109E-02    1       1       1.872920E+01    
43      -6.051531236940E+02     -4.984641E-04   7.648619E-03    1       2       1.929586E+01    
44      -6.051535464787E+02     -4.227847E-04   7.236420E-03    1       1       1.961935E+01    
45      -6.051538421030E+02     -2.956243E-04   4.318132E-03    1       2       2.018441E+01    
46      -6.051540761500E+02     -2.340470E-04   3.498526E-03    1       2       2.075541E+01    
47      -6.051542649105E+02     -1.887604E-04   2.931019E-03    1       1       2.107301E+01    
48      -6.051544341699E+02     -1.692595E-04   2.703658E-03    1       1       2.139977E+01    
49      -6.051545932003E+02     -1.590304E-04   2.093718E-03    1       1       2.171508E+01    
50      -6.051547235651E+02     -1.303648E-04   2.263754E-03    1       1       2.203449E+01    
#### Density Optimization Converged ####
Chemical potential (a.u.): -0.022922370012935706
Chemical potential (eV)  : -0.6237494590153735
--------------------------------------------------------------------------------
Calculate Energy/Potential...
-------------------------------Energy information-------------------------------
   HARTREE energy (eV):  8.141245293339674E+04
        II energy (eV):  6.741627845780677E+04
   KEDF-TF energy (eV):  5.631749774998986E+03
   KEDF-VW energy (eV):  6.860808668968557E+02
    PSEUDO energy (eV): -1.655208716945565E+05
        XC energy (eV): -6.092789125940950E+03
     TOTAL energy (eV): -1.646709878739814E+04
--------------------------------------------------------------------------------
  kedfs energy (a.u.)            :            232.175995601192540
  kedfs energy (eV)              :           6317.830641895840927
  total energy (a.u.)            :           -605.154723565061431
  total energy (eV)              :         -16467.098787398135755
  total energy (eV/atom)         :            -55.073908987953629
Calculate Force...
              Max force (a.u.) : 0.01697               
              Min force (a.u.) : 0.00000               
              Ave force (a.u.) : 0.00405               
--------------------------------------------------------------------------------
The final grid size is  [112 112  80]
Step    Energy(a.u.)            dE              dP              Nd      Nls     Time(s)         
0       -6.051606172748E+02     -6.051606E+02   1.580358E-02    1       1       6.232822E-01    
1       -6.051625362750E+02     -1.919000E-03   3.836423E-02    1       2       1.168544E+00    
2       -6.051639897201E+02     -1.453445E-03   1.459291E-02    1       1       1.479105E+00    
3       -6.051644641318E+02     -4.744117E-04   6.444200E-03    1       2       2.085407E+00    
4       -6.051648175688E+02     -3.534369E-04   7.986853E-03    1       1       2.410226E+00    
5       -6.051651272672E+02     -3.096984E-04   4.427451E-03    1       1       2.747963E+00    
6       -6.051653268457E+02     -1.995785E-04   2.353719E-03    1       2       3.327217E+00    
7       -6.051654307567E+02     -1.039110E-04   1.169971E-03    1       2       3.929903E+00    
8       -6.051655071969E+02     -7.644020E-05   1.299440E-03    1       1       4.262965E+00    
#### Density Optimization Converged ####
Chemical potential (a.u.): -0.0226657289300808
Chemical potential (eV)  : -0.616765899440097
--------------------------------------------------------------------------------
Calculate Energy/Potential...
-------------------------------Energy information-------------------------------
   HARTREE energy (eV):  8.137916136261093E+04
        II energy (eV):  6.737527471220054E+04
   KEDF-TF energy (eV):  5.629574127737565E+03
   KEDF-VW energy (eV):  6.854980899035604E+02
    PSEUDO energy (eV): -1.654450622181870E+05
        XC energy (eV): -6.091838299232279E+03
     TOTAL energy (eV): -1.646739222496670E+04
--------------------------------------------------------------------------------
  kedfs energy (a.u.)            :            232.074625378733231
  kedfs energy (eV)              :           6315.072217641125462
  total energy (a.u.)            :           -605.165507196894850
  total energy (eV)              :         -16467.392224966697540
  total energy (eV/atom)         :            -55.074890384504002
Calculate Force...
              Max force (a.u.) : 0.01661               
              Min force (a.u.) : 0.00000               
              Ave force (a.u.) : 0.00388               
--------------------------------------------------------------------------------
The final grid size is  [112 112  80]
Step    Energy(a.u.)            dE              dP              Nd      Nls     Time(s)         
0       -6.050241021013E+02     -6.050241E+02   5.263832E-01    1       1       6.366081E-01    
1       -6.051456930792E+02     -1.215910E-01   2.896171E-01    1       2       1.206801E+00    
2       -6.051587502963E+02     -1.305722E-02   3.037938E-01    1       2       1.784013E+00    
3       -6.051782018246E+02     -1.945153E-02   1.657231E-01    1       2       2.361786E+00    
4       -6.051854201277E+02     -7.218303E-03   1.132803E-01    1       2       2.950526E+00    
5       -6.051918019516E+02     -6.381824E-03   5.313679E-02    1       1       3.280115E+00    
6       -6.051942304384E+02     -2.428487E-03   3.045386E-02    1       2       3.874073E+00    
7       -6.051962902348E+02     -2.059796E-03   2.808516E-02    1       2       4.477059E+00    
8       -6.051975831863E+02     -1.292951E-03   1.817747E-02    1       2       5.064409E+00    
9       -6.051984299209E+02     -8.467346E-04   7.097600E-03    1       2       5.641182E+00    
10      -6.051988584579E+02     -4.285371E-04   8.068969E-03    1       2       6.213585E+00    
11      -6.051993438845E+02     -4.854266E-04   5.986019E-03    1       2       6.810213E+00    
12      -6.051996378915E+02     -2.940071E-04   4.386206E-03    1       2       7.402060E+00    
13      -6.051998371232E+02     -1.992316E-04   2.550206E-03    1       2       7.979777E+00    
14      -6.051999732632E+02     -1.361400E-04   3.382469E-03    1       1       8.292721E+00    
15      -6.052001250368E+02     -1.517736E-04   1.790695E-03    1       1       8.603858E+00    
#### Density Optimization Converged ####
Chemical potential (a.u.): -0.022531342536285186
Chemical potential (eV)  : -0.6131090594021019
--------------------------------------------------------------------------------
Calculate Energy/Potential...
-------------------------------Energy information-------------------------------
   HARTREE energy (eV):  8.113105145744258E+04
        II energy (eV):  6.711543671945309E+04
   KEDF-TF energy (eV):  5.615213777857510E+03
   KEDF-VW energy (eV):  6.840371047685423E+02
    PSEUDO energy (eV): -1.649288972125422E+05
        XC energy (eV): -6.085176071351207E+03
     TOTAL energy (eV): -1.646833422437172E+04
--------------------------------------------------------------------------------
  kedfs energy (a.u.)            :            231.493202036280024
  kedfs energy (eV)              :           6299.250882626052771
  total energy (a.u.)            :           -605.200125036801182
  total energy (eV)              :         -16468.334224371719756
  total energy (eV/atom)         :            -55.078040884186350
Calculate Force...
              Max force (a.u.) : 0.01666               
              Min force (a.u.) : 0.00000               
              Ave force (a.u.) : 0.00361               
--------------------------------------------------------------------------------
The final grid size is  [112 112  80]
Step    Energy(a.u.)            dE              dP              Nd      Nls     Time(s)         
0       -6.051879962825E+02     -6.051880E+02   5.364430E-02    1       1       6.284204E-01    
1       -6.051985867256E+02     -1.059044E-02   6.151807E-02    1       2       1.209754E+00    
2       -6.052003951208E+02     -1.808395E-03   2.224020E-02    1       2       1.796784E+00    
3       -6.052015627279E+02     -1.167607E-03   2.241898E-02    1       1       2.119754E+00    
4       -6.052029549489E+02     -1.392221E-03   1.284065E-02    1       2       2.702877E+00    
5       -6.052034619432E+02     -5.069944E-04   7.349099E-03    1       2       3.297451E+00    
6       -6.052038420084E+02     -3.800652E-04   4.958084E-03    1       1       3.614155E+00    
7       -6.052040692691E+02     -2.272607E-04   3.051312E-03    1       2       4.201072E+00    
8       -6.052042745492E+02     -2.052801E-04   2.804965E-03    1       1       4.525684E+00    
9       -6.052044410041E+02     -1.664549E-04   1.590523E-03    1       1       4.871040E+00    
10      -6.052045130173E+02     -7.201312E-05   1.238148E-03    1       2       5.465314E+00    
#### Density Optimization Converged ####
Chemical potential (a.u.): -0.02230274128316633
Chemical potential (eV)  : -0.6068885024578307
--------------------------------------------------------------------------------
Calculate Energy/Potential...
-------------------------------Energy information-------------------------------
   HARTREE energy (eV):  8.103734072756047E+04
        II energy (eV):  6.701369878241992E+04
   KEDF-TF energy (eV):  5.610752693909983E+03
   KEDF-VW energy (eV):  6.839365666399885E+02
    PSEUDO energy (eV): -1.647310886225183E+05
        XC energy (eV): -6.083093775413798E+03
     TOTAL energy (eV): -1.646845362740172E+04
--------------------------------------------------------------------------------
  kedfs energy (a.u.)            :            231.325565515597191
  kedfs energy (eV)              :           6294.689260549970641
  total energy (a.u.)            :           -605.204513017255067
  total energy (eV)              :         -16468.453627401719132
  total energy (eV/atom)         :            -55.078440225423812
Calculate Force...
              Max force (a.u.) : 0.01662               
              Min force (a.u.) : 0.00000               
              Ave force (a.u.) : 0.00362               
--------------------------------------------------------------------------------
The final grid size is  [112 112  80]
Step    Energy(a.u.)            dE              dP              Nd      Nls     Time(s)         
0       -6.051952773877E+02     -6.051953E+02   5.558712E-02    1       1       6.333845E-01    
1       -6.052043664986E+02     -9.089111E-03   6.028079E-02    1       2       1.207162E+00    
2       -6.052060799641E+02     -1.713466E-03   2.578237E-02    1       2       1.784952E+00    
3       -6.052075866764E+02     -1.506712E-03   1.187176E-02    1       2       2.347907E+00    
4       -6.052081666147E+02     -5.799383E-04   1.040839E-02    1       2       2.938324E+00    
5       -6.052088352449E+02     -6.686302E-04   9.778268E-03    1       2       3.540016E+00    
6       -6.052092588965E+02     -4.236516E-04   3.910962E-03    1       2       4.133518E+00    
7       -6.052094270588E+02     -1.681622E-04   2.657067E-03    1       2       4.712929E+00    
8       -6.052096449075E+02     -2.178487E-04   3.694517E-03    1       2       5.277241E+00    
9       -6.052098005748E+02     -1.556673E-04   1.688915E-03    1       2       5.904604E+00    
10      -6.052098795772E+02     -7.900245E-05   1.233712E-03    1       2       6.484740E+00    
#### Density Optimization Converged ####
Chemical potential (a.u.): -0.022291750017606058
Chemical potential (eV)  : -0.6065894148877737
--------------------------------------------------------------------------------
Calculate Energy/Potential...
-------------------------------Energy information-------------------------------
   HARTREE energy (eV):  8.093010296851023E+04
        II energy (eV):  6.690388120499541E+04
   KEDF-TF energy (eV):  5.606600766991322E+03
   KEDF-VW energy (eV):  6.837102632854146E+02
    PSEUDO energy (eV): -1.645117429288894E+05
        XC energy (eV): -6.081151933830113E+03
     TOTAL energy (eV): -1.646859965893711E+04
--------------------------------------------------------------------------------
  kedfs energy (a.u.)            :            231.164668519416523
  kedfs energy (eV)              :           6290.311030276737256
  total energy (a.u.)            :           -605.209879577240827
  total energy (eV)              :         -16468.599658937113418
  total energy (eV/atom)         :            -55.078928625207737
Calculate Force...
              Max force (a.u.) : 0.01651               
              Min force (a.u.) : 0.00000               
              Ave force (a.u.) : 0.00361               
--------------------------------------------------------------------------------
The final grid size is  [112 112  80]
Step    Energy(a.u.)            dE              dP              Nd      Nls     Time(s)         
0       -6.050271732880E+02     -6.050272E+02   7.717095E-01    1       1       6.201062E-01    
1       -6.051580154826E+02     -1.308422E-01   3.880406E-01    1       2       1.191862E+00    
2       -6.051850281555E+02     -2.701267E-02   3.436179E-01    1       2       1.773643E+00    
3       -6.051948748450E+02     -9.846689E-03   1.046856E-01    1       2       2.356006E+00    
4       -6.052033913831E+02     -8.516538E-03   1.470211E-01    1       2       2.933681E+00    
5       -6.052099584733E+02     -6.567090E-03   6.888920E-02    1       1       3.247982E+00    
6       -6.052122903914E+02     -2.331918E-03   2.927491E-02    1       2       3.821889E+00    
7       -6.052139253219E+02     -1.634930E-03   3.092991E-02    1       2       4.432904E+00    
8       -6.052158907891E+02     -1.965467E-03   2.305156E-02    1       2       5.016627E+00    
9       -6.052168628309E+02     -9.720418E-04   9.223101E-03    1       2       5.596907E+00    
10      -6.052174145879E+02     -5.517571E-04   1.364006E-02    1       2       6.112827E+00    
11      -6.052181503953E+02     -7.358074E-04   6.334569E-03    1       2       6.621425E+00    
12      -6.052185123029E+02     -3.619075E-04   4.473456E-03    1       2       7.136085E+00    
13      -6.052187521811E+02     -2.398782E-04   4.028493E-03    1       1       7.411305E+00    
14      -6.052188806415E+02     -1.284604E-04   2.279915E-03    1       2       7.916177E+00    
15      -6.052190531764E+02     -1.725349E-04   2.066010E-03    1       1       8.199984E+00    
16      -6.052191944738E+02     -1.412975E-04   1.439041E-03    1       1       8.476507E+00    
17      -6.052192748019E+02     -8.032805E-05   1.369553E-03    1       2       8.978695E+00    
#### Density Optimization Converged ####
Chemical potential (a.u.): -0.022367529936414846
Chemical potential (eV)  : -0.6086514915113749
--------------------------------------------------------------------------------
Calculate Energy/Potential...
-------------------------------Energy information-------------------------------
   HARTREE energy (eV):  8.051659967934889E+04
        II energy (eV):  6.648447982080879E+04
   KEDF-TF energy (eV):  5.592197269856723E+03
   KEDF-VW energy (eV):  6.829867445837261E+02
    PSEUDO energy (eV): -1.636707717895195E+05
        XC energy (eV): -6.074347041100184E+03
     TOTAL energy (eV): -1.646885531602159E+04
--------------------------------------------------------------------------------
  kedfs energy (a.u.)            :            230.608760936365002
  kedfs energy (eV)              :           6275.184014440449573
  total energy (a.u.)            :           -605.219274801881056
  total energy (eV)              :         -16468.855316021585168
  total energy (eV/atom)         :            -55.079783665624028
Calculate Force...
              Max force (a.u.) : 0.01663               
              Min force (a.u.) : 0.00000               
              Ave force (a.u.) : 0.00362               
--------------------------------------------------------------------------------
The final grid size is  [112 112  80]
Step    Energy(a.u.)            dE              dP              Nd      Nls     Time(s)         
0       -6.052160628469E+02     -6.052161E+02   1.917037E-02    1       1       6.319742E-01    
1       -6.052191090348E+02     -3.046188E-03   4.592330E-02    1       2       1.169948E+00    
2       -6.052204577946E+02     -1.348760E-03   8.531165E-03    1       2       1.686895E+00    
3       -6.052209059206E+02     -4.481259E-04   8.752220E-03    1       2       2.194909E+00    
4       -6.052214269274E+02     -5.210068E-04   5.171856E-03    1       2       2.715056E+00    
5       -6.052216426679E+02     -2.157405E-04   3.148822E-03    1       2       3.262048E+00    
6       -6.052218310635E+02     -1.883956E-04   1.373021E-03    1       1       3.553765E+00    
7       -6.052218995677E+02     -6.850413E-05   1.152585E-03    1       2       4.085046E+00    
#### Density Optimization Converged ####
Chemical potential (a.u.): -0.022419338832221383
Chemical potential (eV)  : -0.6100612833746628
--------------------------------------------------------------------------------
Calculate Energy/Potential...
-------------------------------Energy information-------------------------------
   HARTREE energy (eV):  8.055550850686120E+04
        II energy (eV):  6.652567073527958E+04
   KEDF-TF energy (eV):  5.594283981759398E+03
   KEDF-VW energy (eV):  6.829538875496247E+02
    PSEUDO energy (eV): -1.637520227796246E+05
        XC energy (eV): -6.075321071361621E+03
     TOTAL energy (eV): -1.646892673953644E+04
--------------------------------------------------------------------------------
  kedfs energy (a.u.)            :            230.684238711246934
  kedfs energy (eV)              :           6277.237869309022244
  total energy (a.u.)            :           -605.221899567660785
  total energy (eV)              :         -16468.926739536440436
  total energy (eV/atom)         :            -55.080022540255655
Calculate Force...
              Max force (a.u.) : 0.01673               
              Min force (a.u.) : 0.00001               
              Ave force (a.u.) : 0.00348               
--------------------------------------------------------------------------------
The final grid size is  [112 112  80]
Step    Energy(a.u.)            dE              dP              Nd      Nls     Time(s)         
0       -6.052127452439E+02     -6.052127E+02   5.626637E-02    1       1       6.154442E-01    
1       -6.052188225031E+02     -6.077259E-03   4.537788E-02    1       2       1.151133E+00    
2       -6.052206403261E+02     -1.817823E-03   4.234686E-02    1       2       1.685627E+00    
3       -6.052231113743E+02     -2.471048E-03   1.103676E-02    1       2       2.221388E+00    
4       -6.052234612182E+02     -3.498439E-04   5.320878E-03    1       2       2.759771E+00    
5       -6.052240407079E+02     -5.794896E-04   8.582643E-03    1       2       3.303980E+00    
6       -6.052243356618E+02     -2.949540E-04   2.058734E-03    1       2       3.856569E+00    
7       -6.052244169152E+02     -8.125335E-05   1.338216E-03    1       2       4.421449E+00    
8       -6.052245144721E+02     -9.755687E-05   8.113472E-04    1       2       4.966044E+00    
#### Density Optimization Converged ####
Chemical potential (a.u.): -0.022162790174484085
Chemical potential (eV)  : -0.6030802388149399
--------------------------------------------------------------------------------
Calculate Energy/Potential...
-------------------------------Energy information-------------------------------
   HARTREE energy (eV):  8.051180380645489E+04
        II energy (eV):  6.647595618625102E+04
   KEDF-TF energy (eV):  5.594915820533311E+03
   KEDF-VW energy (eV):  6.831587655419887E+02
    PSEUDO energy (eV): -1.636591949604479E+05
        XC energy (eV): -6.075637513043073E+03
     TOTAL energy (eV): -1.646899789470974E+04
--------------------------------------------------------------------------------
  kedfs energy (a.u.)            :            230.714987485511102
  kedfs energy (eV)              :           6278.074586075300431
  total energy (a.u.)            :           -605.224514472070041
  total energy (eV)              :         -16468.997894709737011
  total energy (eV/atom)         :            -55.080260517423866
Calculate Force...
              Max force (a.u.) : 0.01668               
              Min force (a.u.) : 0.00001               
              Ave force (a.u.) : 0.00340               
--------------------------------------------------------------------------------
The final grid size is  [112 112  80]
Step    Energy(a.u.)            dE              dP              Nd      Nls     Time(s)         
0       -6.052244130246E+02     -6.052244E+02   6.252741E-03    1       1       5.706201E-01    
1       -6.052248627260E+02     -4.497014E-04   4.588169E-03    1       2       1.045879E+00    
2       -6.052250104031E+02     -1.476771E-04   2.204398E-03    1       2       1.572212E+00    
3       -6.052251733782E+02     -1.629751E-04   1.846335E-03    1       2       2.138291E+00    
4       -6.052252303489E+02     -5.697068E-05   4.253021E-04    1       2       2.719702E+00    
#### Density Optimization Converged ####
Chemical potential (a.u.): -0.02228601893362063
Chemical potential (eV)  : -0.6064334641491081
--------------------------------------------------------------------------------
Calculate Energy/Potential...
-------------------------------Energy information-------------------------------
   HARTREE energy (eV):  8.048249799743414E+04
        II energy (eV):  6.644945305930621E+04
   KEDF-TF energy (eV):  5.594563593134027E+03
   KEDF-VW energy (eV):  6.832476816948101E+02
    PSEUDO energy (eV): -1.636033003295824E+05
        XC energy (eV): -6.075479376696879E+03
     TOTAL energy (eV): -1.646901737471014E+04
--------------------------------------------------------------------------------
  kedfs energy (a.u.)            :            230.705310975603538
  kedfs energy (eV)              :           6277.811274828836758
  total energy (a.u.)            :           -605.225230348886726
  total energy (eV)              :         -16469.017374710143486
  total energy (eV/atom)         :            -55.080325667926900
Calculate Force...
              Max force (a.u.) : 0.01657               
              Min force (a.u.) : 0.00000               
              Ave force (a.u.) : 0.00332               
--------------------------------------------------------------------------------
The final grid size is  [112 112  80]
Step    Energy(a.u.)            dE              dP              Nd      Nls     Time(s)         
0       -6.052225444455E+02     -6.052225E+02   2.208420E-02    1       1       6.318109E-01    
1       -6.052245785385E+02     -2.034093E-03   1.048695E-02    1       2       1.206725E+00    
2       -6.052251935756E+02     -6.150372E-04   1.648442E-02    1       2       1.790735E+00    
3       -6.052259690800E+02     -7.755044E-04   3.051442E-03    1       2       2.370606E+00    
4       -6.052260707098E+02     -1.016298E-04   1.982986E-03    1       2       2.954316E+00    
5       -6.052262821417E+02     -2.114319E-04   2.240152E-03    1       2       3.541641E+00    
6       -6.052263755446E+02     -9.340286E-05   7.566031E-04    1       2       4.129172E+00    
7       -6.052264083915E+02     -3.284698E-05   5.862629E-04    1       2       4.703349E+00    
#### Density Optimization Converged ####
Chemical potential (a.u.): -0.022079093606886504
Chemical potential (eV)  : -0.6008027392051276
--------------------------------------------------------------------------------
Calculate Energy/Potential...
-------------------------------Energy information-------------------------------
   HARTREE energy (eV):  8.041976349189508E+04
        II energy (eV):  6.638090874432484E+04
   KEDF-TF energy (eV):  5.593172593644164E+03
   KEDF-VW energy (eV):  6.833037504780808E+02
    PSEUDO energy (eV): -1.634713642011808E+05
        XC energy (eV): -6.074833810045102E+03
     TOTAL energy (eV): -1.646904943088371E+04
--------------------------------------------------------------------------------
  kedfs energy (a.u.)            :            230.656253176585267
  kedfs energy (eV)              :           6276.476344122244882
  total energy (a.u.)            :           -605.226408391546556
  total energy (eV)              :         -16469.049430883711466
  total energy (eV/atom)         :            -55.080432879209738
Calculate Force...
              Max force (a.u.) : 0.01620               
              Min force (a.u.) : 0.00001               
              Ave force (a.u.) : 0.00328               
--------------------------------------------------------------------------------
The final grid size is  [112 112  80]
Step    Energy(a.u.)            dE              dP              Nd      Nls     Time(s)         
0       -6.052191059490E+02     -6.052191E+02   5.238165E-02    1       1       6.333275E-01    
1       -6.052235344898E+02     -4.428541E-03   1.831377E-02    1       2       1.222996E+00    
2       -6.052247731052E+02     -1.238615E-03   3.204840E-02    1       2       1.827212E+00    
3       -6.052261558497E+02     -1.382744E-03   4.919185E-03    1       2       2.431788E+00    
4       -6.052263602073E+02     -2.043576E-04   3.840273E-03    1       2       3.037620E+00    
5       -6.052266023722E+02     -2.421649E-04   3.775470E-03    1       2       3.642397E+00    
6       -6.052267716849E+02     -1.693127E-04   1.988750E-03    1       1       3.976579E+00    
7       -6.052268287744E+02     -5.708949E-05   9.752201E-04    1       2       4.583941E+00    
#### Density Optimization Converged ####
Chemical potential (a.u.): -0.022129705629224974
Chemical potential (eV)  : -0.6021799624824535
--------------------------------------------------------------------------------
Calculate Energy/Potential...
-------------------------------Energy information-------------------------------
   HARTREE energy (eV):  8.035403168596182E+04
        II energy (eV):  6.631606929885711E+04
   KEDF-TF energy (eV):  5.592535373499806E+03
   KEDF-VW energy (eV):  6.833054211004855E+02
    PSEUDO energy (eV): -1.633404695031327E+05
        XC energy (eV): -6.074533146370720E+03
     TOTAL energy (eV): -1.646906087008423E+04
--------------------------------------------------------------------------------
  kedfs energy (a.u.)            :            230.632897162254210
  kedfs energy (eV)              :           6275.840794600291701
  total energy (a.u.)            :           -605.226828774415480
  total energy (eV)              :         -16469.060870084234921
  total energy (eV/atom)         :            -55.080471137405468
Calculate Force...
              Max force (a.u.) : 0.01625               
              Min force (a.u.) : 0.00000               
              Ave force (a.u.) : 0.00331               
--------------------------------------------------------------------------------
The final grid size is  [112 112  80]
Step    Energy(a.u.)            dE              dP              Nd      Nls     Time(s)         
0       -6.052265521767E+02     -6.052266E+02   3.392888E-03    1       1       6.409304E-01    
1       -6.052268088618E+02     -2.566850E-04   3.353099E-03    1       2       1.225912E+00    
2       -6.052269447123E+02     -1.358506E-04   2.135038E-03    1       2       1.821465E+00    
3       -6.052270593079E+02     -1.145955E-04   1.066627E-03    1       1       2.150548E+00    
#### Density Optimization Converged ####
Chemical potential (a.u.): -0.021882391455857846
Chemical potential (eV)  : -0.5954502010416634
--------------------------------------------------------------------------------
Calculate Energy/Potential...
-------------------------------Energy information-------------------------------
   HARTREE energy (eV):  8.037312662204172E+04
        II energy (eV):  6.632917845300173E+04
   KEDF-TF energy (eV):  5.592643134329500E+03
   KEDF-VW energy (eV):  6.832590862001284E+02
    PSEUDO energy (eV): -1.633726938433854E+05
        XC energy (eV): -6.074580595406415E+03
     TOTAL energy (eV): -1.646906714321869E+04
--------------------------------------------------------------------------------
  kedfs energy (a.u.)            :            230.635154523539711
  kedfs energy (eV)              :           6275.902220529627812
  total energy (a.u.)            :           -605.227059307856507
  total energy (eV)              :         -16469.067143218690035
  total energy (eV/atom)         :            -55.080492117788260
Calculate Force...
              Max force (a.u.) : 0.01606               
              Min force (a.u.) : 0.00000               
              Ave force (a.u.) : 0.00318               
--------------------------------------------------------------------------------
[INFO] Cycle 1: stretch middle by 1.01000 then relax
The final grid size is  [112 112  80]
Step    Energy(a.u.)            dE              dP              Nd      Nls     Time(s)         
0       -6.049893161421E+02     -6.049893E+02   1.850522E+00    1       1       6.335206E-01    
1       -6.051453910361E+02     -1.560749E-01   2.898288E-01    1       2       1.238286E+00    
2       -6.051926587546E+02     -4.726772E-02   6.959007E-01    1       1       1.581539E+00    
3       -6.052032044299E+02     -1.054568E-02   7.021145E-02    1       2       2.199511E+00    
4       -6.052072982869E+02     -4.093857E-03   5.623268E-02    1       2       2.815004E+00    
5       -6.052096477976E+02     -2.349511E-03   2.625361E-02    1       2       3.434313E+00    
6       -6.052104600048E+02     -8.122071E-04   1.040659E-02    1       2       4.054162E+00    
7       -6.052110679706E+02     -6.079658E-04   9.108718E-03    1       1       4.397541E+00    
8       -6.052118415340E+02     -7.735634E-04   9.928426E-03    1       2       5.015070E+00    
9       -6.052123283121E+02     -4.867781E-04   1.298474E-02    1       1       5.349795E+00    
10      -6.052126442275E+02     -3.159154E-04   3.067190E-03    1       2       5.969650E+00    
11      -6.052127512607E+02     -1.070332E-04   1.460160E-03    1       2       6.589604E+00    
12      -6.052128401353E+02     -8.887457E-05   1.165296E-03    1       2       7.199524E+00    
#### Density Optimization Converged ####
Chemical potential (a.u.): -0.022176642734123418
Chemical potential (eV)  : -0.6034571861627114
--------------------------------------------------------------------------------
Calculate Energy/Potential...
-------------------------------Energy information-------------------------------
   HARTREE energy (eV):  8.034143951944944E+04
        II energy (eV):  6.630525664128692E+04
   KEDF-TF energy (eV):  5.592992224292284E+03
   KEDF-VW energy (eV):  6.833505443590112E+02
    PSEUDO energy (eV): -1.633170222207289E+05
        XC energy (eV): -6.074696928483360E+03
     TOTAL energy (eV): -1.646868021982461E+04
--------------------------------------------------------------------------------
  kedfs energy (a.u.)            :            230.651344368528612
  kedfs energy (eV)              :           6276.342768651295955
  total energy (a.u.)            :           -605.212840135274291
  total energy (eV)              :         -16468.680219824607775
  total energy (eV/atom)         :            -55.079198059614072
Calculate Force...
              Max force (a.u.) : 0.01607               
              Min force (a.u.) : 0.00000               
              Ave force (a.u.) : 0.00339               
--------------------------------------------------------------------------------
The final grid size is  [112 112  80]
Step    Energy(a.u.)            dE              dP              Nd      Nls     Time(s)         
0       -6.052138057863E+02     -6.052138E+02   1.006349E-02    1       1       6.446342E-01    
1       -6.052145391551E+02     -7.333688E-04   7.737340E-03    1       2       1.235427E+00    
2       -6.052147579072E+02     -2.187521E-04   2.975153E-03    1       2       1.834161E+00    
3       -6.052149816338E+02     -2.237266E-04   3.730269E-03    1       2       2.437147E+00    
4       -6.052151584201E+02     -1.767862E-04   1.279547E-03    1       1       2.769289E+00    
5       -6.052151950582E+02     -3.663814E-05   3.659034E-04    1       2       3.374857E+00    
#### Density Optimization Converged ####
Chemical potential (a.u.): -0.022046546988684745
Chemical potential (eV)  : -0.5999171006134518
--------------------------------------------------------------------------------
Calculate Energy/Potential...
-------------------------------Energy information-------------------------------
   HARTREE energy (eV):  8.034683279832240E+04
        II energy (eV):  6.630732840717236E+04
   KEDF-TF energy (eV):  5.592839993313621E+03
   KEDF-VW energy (eV):  6.833300490587463E+02
    PSEUDO energy (eV): -1.633244411938699E+05
        XC energy (eV): -6.074634354538915E+03
     TOTAL energy (eV): -1.646874430054173E+04
--------------------------------------------------------------------------------
  kedfs energy (a.u.)            :            230.644996794804342
  kedfs energy (eV)              :           6276.170042372366879
  total energy (a.u.)            :           -605.215195058211975
  total energy (eV)              :         -16468.744300541726261
  total energy (eV/atom)         :            -55.079412376393734
Calculate Force...
              Max force (a.u.) : 0.01614               
              Min force (a.u.) : 0.00000               
              Ave force (a.u.) : 0.00347               
--------------------------------------------------------------------------------
The final grid size is  [112 112  80]
Step    Energy(a.u.)            dE              dP              Nd      Nls     Time(s)         
0       -6.048287210686E+02     -6.048287E+02   2.693580E+00    1       1       6.476073E-01    
1       -6.050755968648E+02     -2.468758E-01   5.726296E-01    1       2       1.253119E+00    
2       -6.051845876133E+02     -1.089907E-01   1.756363E-01    1       1       1.601097E+00    
3       -6.051906655653E+02     -6.077952E-03   2.233639E-01    1       2       2.233125E+00    
4       -6.052019364860E+02     -1.127092E-02   1.534455E-01    1       2       2.880754E+00    
5       -6.052063679250E+02     -4.431439E-03   3.822587E-02    1       2       3.508267E+00    
6       -6.052076704044E+02     -1.302479E-03   2.314230E-02    1       2       4.139792E+00    
7       -6.052090866027E+02     -1.416198E-03   2.791485E-02    1       2       4.768571E+00    
8       -6.052102739219E+02     -1.187319E-03   1.513725E-02    1       1       5.108770E+00    
9       -6.052108779438E+02     -6.040219E-04   7.703128E-03    1       2       5.730303E+00    
10      -6.052111450350E+02     -2.670912E-04   3.912310E-03    1       2       6.359135E+00    
11      -6.052113333828E+02     -1.883478E-04   3.451796E-03    1       1       6.705177E+00    
12      -6.052114667888E+02     -1.334060E-04   2.871190E-03    1       1       7.054370E+00    
13      -6.052115686490E+02     -1.018602E-04   1.559589E-03    1       2       7.674006E+00    
#### Density Optimization Converged ####
Chemical potential (a.u.): -0.022186298783750443
Chemical potential (eV)  : -0.6037199406565827
--------------------------------------------------------------------------------
Calculate Energy/Potential...
-------------------------------Energy information-------------------------------
   HARTREE energy (eV):  8.040006601579381E+04
        II energy (eV):  6.636372959355585E+04
   KEDF-TF energy (eV):  5.592197472290994E+03
   KEDF-VW energy (eV):  6.834266053401465E+02
    PSEUDO energy (eV): -1.634337089132508E+05
        XC energy (eV): -6.074356394650155E+03
     TOTAL energy (eV): -1.646864562092020E+04
--------------------------------------------------------------------------------
  kedfs energy (a.u.)            :            230.624932960469096
  kedfs energy (eV)              :           6275.624077631141517
  total energy (a.u.)            :           -605.211568648978755
  total energy (eV)              :         -16468.645620920196961
  total energy (eV/atom)         :            -55.079082344214704
Calculate Force...
              Max force (a.u.) : 0.01647               
              Min force (a.u.) : 0.00000               
              Ave force (a.u.) : 0.00427               
--------------------------------------------------------------------------------
The final grid size is  [112 112  80]
Step    Energy(a.u.)            dE              dP              Nd      Nls     Time(s)         
0       -6.051144603642E+02     -6.051145E+02   7.411877E-01    1       1       6.570239E-01    
1       -6.051845055611E+02     -7.004520E-02   1.844045E-01    1       2       1.264558E+00    
2       -6.052057147274E+02     -2.120917E-02   4.426334E-01    1       2       1.892186E+00    
3       -6.052176453150E+02     -1.193059E-02   4.511473E-02    1       2       2.516016E+00    
4       -6.052196806580E+02     -2.035343E-03   3.524213E-02    1       2       3.144128E+00    
5       -6.052227270162E+02     -3.046358E-03   2.584368E-02    1       2       3.763062E+00    
6       -6.052235064971E+02     -7.794809E-04   5.519736E-03    1       2       4.381769E+00    
7       -6.052238740684E+02     -3.675713E-04   7.716447E-03    1       2       5.005986E+00    
8       -6.052242948742E+02     -4.208058E-04   5.089271E-03    1       2       5.629949E+00    
9       -6.052245116910E+02     -2.168167E-04   1.756633E-03    1       2       6.249055E+00    
10      -6.052245795772E+02     -6.788626E-05   8.209787E-04    1       2       6.867232E+00    
#### Density Optimization Converged ####
Chemical potential (a.u.): -0.022105023067994663
Chemical potential (eV)  : -0.6015083157807455
--------------------------------------------------------------------------------
Calculate Energy/Potential...
-------------------------------Energy information-------------------------------
   HARTREE energy (eV):  8.036418973043027E+04
        II energy (eV):  6.632559644175442E+04
   KEDF-TF energy (eV):  5.592357046409224E+03
   KEDF-VW energy (eV):  6.832212886772850E+02
    PSEUDO energy (eV): -1.633599257039071E+05
        XC energy (eV): -6.074438469674990E+03
     TOTAL energy (eV): -1.646899966631092E+04
--------------------------------------------------------------------------------
  kedfs energy (a.u.)            :            230.623251952945566
  kedfs energy (eV)              :           6275.578335086508559
  total energy (a.u.)            :           -605.224579577213262
  total energy (eV)              :         -16468.999666310923203
  total energy (eV/atom)         :            -55.080266442511451
Calculate Force...
              Max force (a.u.) : 0.01584               
              Min force (a.u.) : 0.00000               
              Ave force (a.u.) : 0.00335               
--------------------------------------------------------------------------------
The final grid size is  [112 112  80]
Step    Energy(a.u.)            dE              dP              Nd      Nls     Time(s)         
0       -6.052246410958E+02     -6.052246E+02   5.116730E-03    1       1       6.469061E-01    
1       -6.052249870288E+02     -3.459331E-04   3.762967E-03    1       2       1.242970E+00    
2       -6.052250910905E+02     -1.040616E-04   1.103643E-03    1       2       1.770550E+00    
3       -6.052251922415E+02     -1.011510E-04   1.741456E-03    1       2       2.308810E+00    
#### Density Optimization Converged ####
Chemical potential (a.u.): -0.022108286108489188
Chemical potential (eV)  : -0.6015971076352552
--------------------------------------------------------------------------------
Calculate Energy/Potential...
-------------------------------Energy information-------------------------------
   HARTREE energy (eV):  8.035756414547680E+04
        II energy (eV):  6.631895904342430E+04
   KEDF-TF energy (eV):  5.592215135978318E+03
   KEDF-VW energy (eV):  6.832409443458725E+02
    PSEUDO energy (eV): -1.633466209246311E+05
        XC energy (eV): -6.074374682348370E+03
     TOTAL energy (eV): -1.646901633775418E+04
--------------------------------------------------------------------------------
  kedfs energy (a.u.)            :            230.618759173261054
  kedfs energy (eV)              :           6275.456080324191134
  total energy (a.u.)            :           -605.225192241457535
  total energy (eV)              :         -16469.016337754175765
  total energy (eV/atom)         :            -55.080322199846741
Calculate Force...
              Max force (a.u.) : 0.01621               
              Min force (a.u.) : 0.00000               
              Ave force (a.u.) : 0.00329               
--------------------------------------------------------------------------------
The final grid size is  [112 112  80]
Step    Energy(a.u.)            dE              dP              Nd      Nls     Time(s)         
0       -6.052243371167E+02     -6.052243E+02   1.245697E-02    1       1       6.286438E-01    
1       -6.052251730327E+02     -8.359160E-04   1.481807E-02    1       2       1.206369E+00    
2       -6.052255909773E+02     -4.179447E-04   4.454582E-03    1       2       1.790538E+00    
3       -6.052258809201E+02     -2.899427E-04   5.331167E-03    1       1       2.109588E+00    
4       -6.052261168477E+02     -2.359277E-04   1.222097E-03    1       1       2.423290E+00    
5       -6.052261692568E+02     -5.240904E-05   6.114995E-04    1       2       3.007320E+00    
#### Density Optimization Converged ####
Chemical potential (a.u.): -0.022129090283861525
Chemical potential (eV)  : -0.6021632180822305
--------------------------------------------------------------------------------
Calculate Energy/Potential...
-------------------------------Energy information-------------------------------
   HARTREE energy (eV):  8.034302898677168E+04
        II energy (eV):  6.630480274988145E+04
   KEDF-TF energy (eV):  5.592019512828889E+03
   KEDF-VW energy (eV):  6.832542580580973E+02
    PSEUDO energy (eV): -1.633178641753831E+05
        XC energy (eV): -6.074284255851889E+03
     TOTAL energy (eV): -1.646904292369493E+04
--------------------------------------------------------------------------------
  kedfs energy (a.u.)            :            230.612059424962979
  kedfs energy (eV)              :           6275.273770886985403
  total energy (a.u.)            :           -605.226169256767662
  total energy (eV)              :         -16469.042923694931233
  total energy (eV/atom)         :            -55.080411116036558
Calculate Force...
              Max force (a.u.) : 0.01639               
              Min force (a.u.) : 0.00000               
              Ave force (a.u.) : 0.00318               
--------------------------------------------------------------------------------
[INFO] Cycle 2: stretch middle by 1.01000 then relax
The final grid size is  [112 112  80]
Step    Energy(a.u.)            dE              dP              Nd      Nls     Time(s)         
0       -6.049826076099E+02     -6.049826E+02   1.846721E+00    1       1       6.142282E-01    
1       -6.051388835245E+02     -1.562759E-01   2.879213E-01    1       2       1.184357E+00    
2       -6.051929947985E+02     -5.411127E-02   2.676081E-01    1       1       1.504750E+00    
3       -6.051983578817E+02     -5.363083E-03   4.445507E-02    1       2       2.084919E+00    
4       -6.052014874575E+02     -3.129576E-03   5.854082E-02    1       1       2.405050E+00    
5       -6.052042649799E+02     -2.777522E-03   1.249046E-02    1       1       2.723640E+00    
6       -6.052047492049E+02     -4.842250E-04   7.032274E-03    1       2       3.295912E+00    
7       -6.052054025844E+02     -6.533795E-04   1.089847E-02    1       2       3.878882E+00    
8       -6.052058562747E+02     -4.536903E-04   5.121953E-03    1       2       4.456587E+00    
9       -6.052060930726E+02     -2.367979E-04   2.720818E-03    1       2       5.037558E+00    
10      -6.052062125241E+02     -1.194514E-04   1.557023E-03    1       2       5.614461E+00    
11      -6.052063016713E+02     -8.914723E-05   1.320696E-03    1       1       5.927342E+00    
#### Density Optimization Converged ####
Chemical potential (a.u.): -0.02231153502657702
Chemical potential (eV)  : -0.6071277924043781
--------------------------------------------------------------------------------
Calculate Energy/Potential...
-------------------------------Energy information-------------------------------
   HARTREE energy (eV):  8.031517974908643E+04
        II energy (eV):  6.628224011120776E+04
   KEDF-TF energy (eV):  5.592546584943510E+03
   KEDF-VW energy (eV):  6.833987223445648E+02
    PSEUDO energy (eV): -1.632673964144773E+05
        XC energy (eV): -6.074471052262248E+03
     TOTAL energy (eV): -1.646850229915730E+04
--------------------------------------------------------------------------------
  kedfs energy (a.u.)            :            230.636737932720308
  kedfs energy (eV)              :           6275.945307288076037
  total energy (a.u.)            :           -605.206301671296387
  total energy (eV)              :         -16468.502299157298694
  total energy (eV/atom)         :            -55.078603007215044
Calculate Force...
              Max force (a.u.) : 0.01640               
              Min force (a.u.) : 0.00000               
              Ave force (a.u.) : 0.00358               
--------------------------------------------------------------------------------
The final grid size is  [112 112  80]
Step    Energy(a.u.)            dE              dP              Nd      Nls     Time(s)         
0       -6.052076530739E+02     -6.052077E+02   1.452443E-02    1       1       6.306264E-01    
1       -6.052086970598E+02     -1.043986E-03   7.036117E-03    1       2       1.160185E+00    
2       -6.052088810906E+02     -1.840308E-04   2.727826E-03    1       2       1.678346E+00    
3       -6.052091059071E+02     -2.248165E-04   3.471701E-03    1       2       2.207878E+00    
4       -6.052092572968E+02     -1.513897E-04   1.205604E-03    1       2       2.734212E+00    
5       -6.052092925214E+02     -3.522464E-05   3.052281E-04    1       2       3.263329E+00    
#### Density Optimization Converged ####
Chemical potential (a.u.): -0.02206642772803817
Chemical potential (eV)  : -0.6004580830864477
--------------------------------------------------------------------------------
Calculate Energy/Potential...
-------------------------------Energy information-------------------------------
   HARTREE energy (eV):  8.032121550629556E+04
        II energy (eV):  6.628214685840845E+04
   KEDF-TF energy (eV):  5.592427400170076E+03
   KEDF-VW energy (eV):  6.833795207423483E+02
    PSEUDO energy (eV): -1.632733285142309E+05
        XC energy (eV): -6.074424455720001E+03
     TOTAL energy (eV): -1.646858368433446E+04
--------------------------------------------------------------------------------
  kedfs energy (a.u.)            :            230.631652327175345
  kedfs energy (eV)              :           6275.806920912424175
  total energy (a.u.)            :           -605.209292521416501
  total energy (eV)              :         -16468.583684334458667
  total energy (eV/atom)         :            -55.078875198443008
Calculate Force...
              Max force (a.u.) : 0.01649               
              Min force (a.u.) : 0.00000               
              Ave force (a.u.) : 0.00354               
--------------------------------------------------------------------------------
The final grid size is  [112 112  80]
Step    Energy(a.u.)            dE              dP              Nd      Nls     Time(s)         
0       -6.051433054641E+02     -6.051433E+02   6.323781E-01    1       1       5.822163E-01    
1       -6.051972953007E+02     -5.398984E-02   1.046073E-01    1       2       1.103908E+00    
2       -6.052168880079E+02     -1.959271E-02   1.147161E-01    1       1       1.383219E+00    
3       -6.052191174742E+02     -2.229466E-03   1.510547E-02    1       2       1.942030E+00    
4       -6.052204500426E+02     -1.332568E-03   1.812798E-02    1       1       2.222188E+00    
5       -6.052213774797E+02     -9.274370E-04   7.729585E-03    1       1       2.504244E+00    
6       -6.052216212542E+02     -2.437745E-04   2.648882E-03    1       2       3.051420E+00    
7       -6.052218483925E+02     -2.271383E-04   3.760508E-03    1       2       3.607224E+00    
8       -6.052220217668E+02     -1.733743E-04   2.443301E-03    1       1       3.914066E+00    
9       -6.052220987793E+02     -7.701257E-05   8.904077E-04    1       2       4.447054E+00    
#### Density Optimization Converged ####
Chemical potential (a.u.): -0.022209211390554734
Chemical potential (eV)  : -0.6043434244451589
--------------------------------------------------------------------------------
Calculate Energy/Potential...
-------------------------------Energy information-------------------------------
   HARTREE energy (eV):  8.032964305956950E+04
        II energy (eV):  6.629332723899846E+04
   KEDF-TF energy (eV):  5.591716017996849E+03
   KEDF-VW energy (eV):  6.832458299773315E+02
    PSEUDO energy (eV): -1.632927296944295E+05
        XC energy (eV): -6.074134612475045E+03
     TOTAL energy (eV): -1.646893216036240E+04
--------------------------------------------------------------------------------
  kedfs energy (a.u.)            :            230.600596469252963
  kedfs energy (eV)              :           6274.961847974180273
  total energy (a.u.)            :           -605.222098779342105
  total energy (eV)              :         -16468.932160362401191
  total energy (eV/atom)         :            -55.080040670108367
Calculate Force...
              Max force (a.u.) : 0.01677               
              Min force (a.u.) : 0.00000               
              Ave force (a.u.) : 0.00341               
--------------------------------------------------------------------------------
The final grid size is  [112 112  80]
Step    Energy(a.u.)            dE              dP              Nd      Nls     Time(s)         
0       -6.052100688606E+02     -6.052101E+02   1.227779E-01    1       1       6.043601E-01    
1       -6.052202294582E+02     -1.016060E-02   2.085594E-02    1       2       1.140860E+00    
2       -6.052221204950E+02     -1.891037E-03   4.106022E-02    1       2       1.702974E+00    
3       -6.052238417055E+02     -1.721211E-03   7.925548E-03    1       1       1.998522E+00    
4       -6.052240688200E+02     -2.271145E-04   2.064877E-03    1       2       2.555470E+00    
5       -6.052242450163E+02     -1.761963E-04   3.857836E-03    1       3       3.318500E+00    
6       -6.052243880574E+02     -1.430410E-04   1.000187E-03    1       1       3.589341E+00    
7       -6.052244337681E+02     -4.571077E-05   6.328106E-04    1       2       4.070517E+00    
#### Density Optimization Converged ####
Chemical potential (a.u.): -0.022202599177524346
Chemical potential (eV)  : -0.6041634969639137
--------------------------------------------------------------------------------
Calculate Energy/Potential...
-------------------------------Energy information-------------------------------
   HARTREE energy (eV):  8.032884264461606E+04
        II energy (eV):  6.629223204813218E+04
   KEDF-TF energy (eV):  5.591585616616094E+03
   KEDF-VW energy (eV):  6.832430356120940E+02
    PSEUDO energy (eV): -1.632908193046229E+05
        XC energy (eV): -6.074079738996948E+03
     TOTAL energy (eV): -1.646899569864346E+04
--------------------------------------------------------------------------------
  kedfs energy (a.u.)            :            230.595701615831217
  kedfs energy (eV)              :           6274.828652228188730
  total energy (a.u.)            :           -605.224433768122253
  total energy (eV)              :         -16468.995698643459036
  total energy (eV/atom)         :            -55.080253172720596
Calculate Force...
              Max force (a.u.) : 0.01715               
              Min force (a.u.) : 0.00000               
              Ave force (a.u.) : 0.00346               
--------------------------------------------------------------------------------
The final grid size is  [112 112  80]
Step    Energy(a.u.)            dE              dP              Nd      Nls     Time(s)         
0       -6.052174258366E+02     -6.052174E+02   7.210571E-02    1       1       6.355484E-01    
1       -6.052233198652E+02     -5.894029E-03   1.238687E-02    1       2       1.203302E+00    
2       -6.052242185479E+02     -8.986827E-04   2.451591E-02    1       2       1.793955E+00    
3       -6.052253690056E+02     -1.150458E-03   6.811932E-03    1       2       2.393592E+00    
4       -6.052255611724E+02     -1.921667E-04   1.372051E-03    1       2       2.976019E+00    
5       -6.052256593932E+02     -9.822077E-05   2.150119E-03    1       1       3.292782E+00    
#### Density Optimization Converged ####
Chemical potential (a.u.): -0.02214389596455149
Chemical potential (eV)  : -0.6025661011748387
--------------------------------------------------------------------------------
Calculate Energy/Potential...
-------------------------------Energy information-------------------------------
   HARTREE energy (eV):  8.032155691638829E+04
        II energy (eV):  6.628343338334393E+04
   KEDF-TF energy (eV):  5.591496551937903E+03
   KEDF-VW energy (eV):  6.832446548626473E+02
    PSEUDO energy (eV): -1.632747215820438E+05
        XC energy (eV): -6.074038974088465E+03
     TOTAL energy (eV): -1.646902904959953E+04
--------------------------------------------------------------------------------
  kedfs energy (a.u.)            :            230.592488055611994
  kedfs energy (eV)              :           6274.741206800550572
  total energy (a.u.)            :           -605.225659393161550
  total energy (eV)              :         -16469.029049599525024
  total energy (eV/atom)         :            -55.080364714379684
Calculate Force...
              Max force (a.u.) : 0.01685               
              Min force (a.u.) : 0.00000               
              Ave force (a.u.) : 0.00340               
--------------------------------------------------------------------------------
The final grid size is  [112 112  80]
Step    Energy(a.u.)            dE              dP              Nd      Nls     Time(s)         
0       -6.052241539864E+02     -6.052242E+02   1.816834E-02    1       1       6.308334E-01    
1       -6.052253510407E+02     -1.197054E-03   1.647910E-02    1       2       1.202978E+00    
2       -6.052257597696E+02     -4.087289E-04   4.477363E-03    1       2       1.792803E+00    
3       -6.052261288325E+02     -3.690629E-04   6.396572E-03    1       2       2.371937E+00    
4       -6.052264026102E+02     -2.737777E-04   3.015654E-03    1       1       2.689917E+00    
5       -6.052264871104E+02     -8.450023E-05   8.411645E-04    1       2       3.266433E+00    
6       -6.052265427148E+02     -5.560436E-05   1.165166E-03    1       1       3.590024E+00    
#### Density Optimization Converged ####
Chemical potential (a.u.): -0.022168153985577584
Chemical potential (eV)  : -0.6032261955491669
--------------------------------------------------------------------------------
Calculate Energy/Potential...
-------------------------------Energy information-------------------------------
   HARTREE energy (eV):  8.031044503097652E+04
        II energy (eV):  6.627285592533067E+04
   KEDF-TF energy (eV):  5.591430364506185E+03
   KEDF-VW energy (eV):  6.832404773287973E+02
    PSEUDO energy (eV): -1.632530198198656E+05
        XC energy (eV): -6.074005064280876E+03
     TOTAL energy (eV): -1.646905308600435E+04
--------------------------------------------------------------------------------
  kedfs energy (a.u.)            :            230.589902190801411
  kedfs energy (eV)              :           6274.670841834983548
  total energy (a.u.)            :           -605.226542714753577
  total energy (eV)              :         -16469.053086004350916
  total energy (eV/atom)         :            -55.080445103693478
Calculate Force...
              Max force (a.u.) : 0.01674               
              Min force (a.u.) : 0.00000               
              Ave force (a.u.) : 0.00328               
--------------------------------------------------------------------------------
The final grid size is  [112 112  80]
Step    Energy(a.u.)            dE              dP              Nd      Nls     Time(s)         
0       -6.052019172090E+02     -6.052019E+02   1.940772E-01    1       1       6.376002E-01    
1       -6.052183153552E+02     -1.639815E-02   4.172394E-02    1       2       1.225440E+00    
2       -6.052212334416E+02     -2.918086E-03   7.836874E-02    1       2       1.815995E+00    
3       -6.052248847104E+02     -3.651269E-03   2.035351E-02    1       2       2.414209E+00    
4       -6.052254689270E+02     -5.842165E-04   4.561806E-03    1       2       3.014862E+00    
5       -6.052258199707E+02     -3.510437E-04   4.802118E-03    1       1       3.349177E+00    
6       -6.052261613415E+02     -3.413708E-04   2.837379E-03    1       2       3.952276E+00    
7       -6.052262903669E+02     -1.290254E-04   1.565682E-03    1       2       4.549002E+00    
8       -6.052263823468E+02     -9.197987E-05   2.127172E-03    1       1       4.878189E+00    
#### Density Optimization Converged ####
Chemical potential (a.u.): -0.021880227199489066
Chemical potential (eV)  : -0.5953913086261569
--------------------------------------------------------------------------------
Calculate Energy/Potential...
-------------------------------Energy information-------------------------------
   HARTREE energy (eV):  8.028635546094943E+04
        II energy (eV):  6.624166813888548E+04
   KEDF-TF energy (eV):  5.591280627699716E+03
   KEDF-VW energy (eV):  6.832204618271107E+02
    PSEUDO energy (eV): -1.631976498185624E+05
        XC energy (eV): -6.073923592969330E+03
     TOTAL energy (eV): -1.646904872217001E+04
--------------------------------------------------------------------------------
  kedfs energy (a.u.)            :            230.583663908488091
  kedfs energy (eV)              :           6274.501089526826036
  total energy (a.u.)            :           -605.226382346798346
  total energy (eV)              :         -16469.048722170013207
  total energy (eV/atom)         :            -55.080430508929808
Calculate Force...
              Max force (a.u.) : 0.01666               
              Min force (a.u.) : 0.00000               
              Ave force (a.u.) : 0.00327               
--------------------------------------------------------------------------------
The final grid size is  [112 112  80]
Step    Energy(a.u.)            dE              dP              Nd      Nls     Time(s)         
0       -6.052154768892E+02     -6.052155E+02   1.013129E-01    1       1       6.314583E-01    
1       -6.052234602418E+02     -7.983353E-03   3.162132E-02    1       2       1.206126E+00    
2       -6.052244115571E+02     -9.513153E-04   2.030673E-02    1       2       1.806327E+00    
3       -6.052265241263E+02     -2.112569E-03   1.708024E-02    1       2       2.422389E+00    
4       -6.052269389962E+02     -4.148699E-04   1.518084E-03    1       2       3.039934E+00    
5       -6.052270254232E+02     -8.642696E-05   1.495530E-03    1       2       3.656771E+00    
6       -6.052271024143E+02     -7.699107E-05   9.419110E-04    1       2       4.263578E+00    
#### Density Optimization Converged ####
Chemical potential (a.u.): -0.022070303339035893
Chemical potential (eV)  : -0.600563543833387
--------------------------------------------------------------------------------
Calculate Energy/Potential...
-------------------------------Energy information-------------------------------
   HARTREE energy (eV):  8.029938696611182E+04
        II energy (eV):  6.625930015525701E+04
   KEDF-TF energy (eV):  5.591246057398829E+03
   KEDF-VW energy (eV):  6.832031471958925E+02
    PSEUDO energy (eV): -1.632282926699295E+05
        XC energy (eV): -6.073911972237528E+03
     TOTAL energy (eV): -1.646906831620352E+04
--------------------------------------------------------------------------------
  kedfs energy (a.u.)            :            230.581757172386574
  kedfs energy (eV)              :           6274.449204594721778
  total energy (a.u.)            :           -605.227102414254205
  total energy (eV)              :         -16469.068316203520226
  total energy (eV/atom)         :            -55.080496040814452
Calculate Force...
              Max force (a.u.) : 0.01603               
              Min force (a.u.) : 0.00000               
              Ave force (a.u.) : 0.00325               
--------------------------------------------------------------------------------
The final grid size is  [112 112  80]
Step    Energy(a.u.)            dE              dP              Nd      Nls     Time(s)         
0       -6.052270212694E+02     -6.052270E+02   2.176911E-03    1       1       6.488991E-01    
1       -6.052271289967E+02     -1.077272E-04   1.958972E-03    1       3       1.525955E+00    
2       -6.052272082916E+02     -7.929491E-05   7.879338E-04    1       1       1.869581E+00    
#### Density Optimization Converged ####
Chemical potential (a.u.): -0.022179050420285402
Chemical potential (eV)  : -0.6035227026402906
--------------------------------------------------------------------------------
Calculate Energy/Potential...
-------------------------------Energy information-------------------------------
   HARTREE energy (eV):  8.029134406831536E+04
        II energy (eV):  6.625386877040660E+04
   KEDF-TF energy (eV):  5.591169279306039E+03
   KEDF-VW energy (eV):  6.832226805732547E+02
    PSEUDO energy (eV): -1.632148001826152E+05
        XC energy (eV): -6.073875813257886E+03
     TOTAL energy (eV): -1.646907119727185E+04
--------------------------------------------------------------------------------
  kedfs energy (a.u.)            :            230.579653467879353
  kedfs energy (eV)              :           6274.391959879294518
  total energy (a.u.)            :           -605.227208291563329
  total energy (eV)              :         -16469.071197271849087
  total energy (eV/atom)         :            -55.080505676494475
Calculate Force...
              Max force (a.u.) : 0.01645               
              Min force (a.u.) : 0.00000               
              Ave force (a.u.) : 0.00323               
--------------------------------------------------------------------------------
[INFO] Cycle 3: stretch middle by 1.01000 then relax
The final grid size is  [112 112  80]
Step    Energy(a.u.)            dE              dP              Nd      Nls     Time(s)         
0       -6.049883100883E+02     -6.049883E+02   1.864747E+00    1       1       6.244507E-01    
1       -6.051451579924E+02     -1.568479E-01   2.838389E-01    1       2       1.216641E+00    
2       -6.051986055051E+02     -5.344751E-02   3.275705E-01    1       1       1.551757E+00    
3       -6.052043457517E+02     -5.740247E-03   4.142171E-02    1       2       2.144337E+00    
4       -6.052088251626E+02     -4.479411E-03   5.111747E-02    1       2       2.734933E+00    
5       -6.052105210839E+02     -1.695921E-03   1.540484E-02    1       2       3.335164E+00    
6       -6.052111395611E+02     -6.184773E-04   8.094593E-03    1       2       3.940526E+00    
7       -6.052117405702E+02     -6.010090E-04   9.144529E-03    1       2       4.543127E+00    
8       -6.052121904154E+02     -4.498453E-04   6.187475E-03    1       1       4.881081E+00    
9       -6.052124240246E+02     -2.336092E-04   3.011940E-03    1       2       5.482466E+00    
10      -6.052125423800E+02     -1.183554E-04   1.405719E-03    1       2       6.093322E+00    
11      -6.052126163579E+02     -7.397794E-05   1.360107E-03    1       1       6.433246E+00    
#### Density Optimization Converged ####
Chemical potential (a.u.): -0.022235260274078506
Chemical potential (eV)  : -0.605052250670228
--------------------------------------------------------------------------------
Calculate Energy/Potential...
-------------------------------Energy information-------------------------------
   HARTREE energy (eV):  8.026548901111879E+04
        II energy (eV):  6.623003321006184E+04
   KEDF-TF energy (eV):  5.591623734792969E+03
   KEDF-VW energy (eV):  6.833305785511375E+02
    PSEUDO energy (eV): -1.631651071280548E+05
        XC energy (eV): -6.074043537003148E+03
     TOTAL energy (eV): -1.646867413053326E+04
--------------------------------------------------------------------------------
  kedfs energy (a.u.)            :            230.600319576702645
  kedfs energy (eV)              :           6274.954313344106595
  total energy (a.u.)            :           -605.212616357942807
  total energy (eV)              :         -16468.674130533257994
  total energy (eV/atom)         :            -55.079177694091165
Calculate Force...
              Max force (a.u.) : 0.01637               
              Min force (a.u.) : 0.00000               
              Ave force (a.u.) : 0.00338               
--------------------------------------------------------------------------------
The final grid size is  [112 112  80]
Step    Energy(a.u.)            dE              dP              Nd      Nls     Time(s)         
0       -6.052136615656E+02     -6.052137E+02   1.052985E-02    1       1       6.554079E-01    
1       -6.052144075457E+02     -7.459801E-04   8.724620E-03    1       2       1.274451E+00    
2       -6.052146363643E+02     -2.288186E-04   2.832524E-03    1       2       1.903445E+00    
3       -6.052148362543E+02     -1.998900E-04   3.480813E-03    1       2       2.532030E+00    
4       -6.052149872328E+02     -1.509785E-04   1.339074E-03    1       1       2.879786E+00    
5       -6.052150328577E+02     -4.562491E-05   5.037399E-04    1       2       3.509239E+00    
#### Density Optimization Converged ####
Chemical potential (a.u.): -0.022050637839302598
Chemical potential (eV)  : -0.6000284183287822
--------------------------------------------------------------------------------
Calculate Energy/Potential...
-------------------------------Energy information-------------------------------
   HARTREE energy (eV):  8.027392169924371E+04
        II energy (eV):  6.623383818488153E+04
   KEDF-TF energy (eV):  5.591521879860374E+03
   KEDF-VW energy (eV):  6.833033570161015E+02
    PSEUDO energy (eV): -1.631773208925016E+05
        XC energy (eV): -6.074004115341269E+03
     TOTAL energy (eV): -1.646873988684111E+04
--------------------------------------------------------------------------------
  kedfs energy (a.u.)            :            230.595576103969734
  kedfs energy (eV)              :           6274.825236876475174
  total energy (a.u.)            :           -605.215032857704955
  total energy (eV)              :         -16468.739886841114640
  total energy (eV/atom)         :            -55.079397614853228
Calculate Force...
              Max force (a.u.) : 0.01611               
              Min force (a.u.) : 0.00000               
              Ave force (a.u.) : 0.00341               
--------------------------------------------------------------------------------
The final grid size is  [112 112  80]
Step    Energy(a.u.)            dE              dP              Nd      Nls     Time(s)         
0       -6.051811320669E+02     -6.051811E+02   2.880114E-01    1       1       6.611042E-01    
1       -6.052077832350E+02     -2.665117E-02   6.616974E-02    1       2       1.260396E+00    
2       -6.052170358827E+02     -9.252648E-03   1.817088E-01    1       1       1.594484E+00    
3       -6.052200448095E+02     -3.008927E-03   2.215581E-02    1       2       2.220722E+00    
4       -6.052212632241E+02     -1.218415E-03   1.498694E-02    1       2       2.838207E+00    
5       -6.052219661093E+02     -7.028853E-04   9.812320E-03    1       1       3.187993E+00    
6       -6.052221890052E+02     -2.228959E-04   3.451684E-03    1       2       3.811126E+00    
7       -6.052224107812E+02     -2.217759E-04   3.363946E-03    1       1       4.160698E+00    
8       -6.052226713787E+02     -2.605975E-04   3.881564E-03    1       2       4.777860E+00    
9       -6.052228532779E+02     -1.818993E-04   2.850749E-03    1       1       5.125955E+00    
10      -6.052229561365E+02     -1.028586E-04   1.043579E-03    1       2       5.752346E+00    
#### Density Optimization Converged ####
Chemical potential (a.u.): -0.022139267047943906
Chemical potential (eV)  : -0.6024401419381551
--------------------------------------------------------------------------------
Calculate Energy/Potential...
-------------------------------Energy information-------------------------------
   HARTREE energy (eV):  8.030139561703973E+04
        II energy (eV):  6.626305043407794E+04
   KEDF-TF energy (eV):  5.591138806077316E+03
   KEDF-VW energy (eV):  6.832145524584640E+02
    PSEUDO energy (eV): -1.632338978801930E+05
        XC energy (eV): -6.073857019700641E+03
     TOTAL energy (eV): -1.646895549024014E+04
--------------------------------------------------------------------------------
  kedfs energy (a.u.)            :            230.578234894658578
  kedfs energy (eV)              :           6274.353358535779989
  total energy (a.u.)            :           -605.222956136542507
  total energy (eV)              :         -16468.955490240143263
  total energy (eV/atom)         :            -55.080118696455330
Calculate Force...
              Max force (a.u.) : 0.01642               
              Min force (a.u.) : 0.00000               
              Ave force (a.u.) : 0.00340               
--------------------------------------------------------------------------------
The final grid size is  [112 112  80]
Step    Energy(a.u.)            dE              dP              Nd      Nls     Time(s)         
0       -6.052192545998E+02     -6.052193E+02   3.999249E-02    1       1       6.474345E-01    
1       -6.052224639647E+02     -3.209365E-03   1.378903E-02    1       2       1.257516E+00    
2       -6.052228932860E+02     -4.293213E-04   8.902434E-03    1       2       1.874671E+00    
3       -6.052237273929E+02     -8.341070E-04   9.291508E-03    1       2       2.491403E+00    
4       -6.052239715084E+02     -2.441155E-04   9.404192E-04    1       2       3.112342E+00    
5       -6.052240355146E+02     -6.400618E-05   1.283711E-03    1       2       3.715706E+00    
6       -6.052241198633E+02     -8.434875E-05   5.712293E-04    1       2       4.325007E+00    
#### Density Optimization Converged ####
Chemical potential (a.u.): -0.022117517755518897
Chemical potential (eV)  : -0.6018483135462213
--------------------------------------------------------------------------------
Calculate Energy/Potential...
-------------------------------Energy information-------------------------------
   HARTREE energy (eV):  8.030735774539455E+04
        II energy (eV):  6.626842207900946E+04
   KEDF-TF energy (eV):  5.591088057385100E+03
   KEDF-VW energy (eV):  6.832157482155513E+02
    PSEUDO energy (eV): -1.632452325566563E+05
        XC energy (eV): -6.073838230207500E+03
     TOTAL energy (eV): -1.646898715685915E+04
--------------------------------------------------------------------------------
  kedfs energy (a.u.)            :            230.576413857865958
  kedfs energy (eV)              :           6274.303805600651685
  total energy (a.u.)            :           -605.224119863336000
  total energy (eV)              :         -16468.987156859147944
  total energy (eV/atom)         :            -55.080224604880094
Calculate Force...
              Max force (a.u.) : 0.01687               
              Min force (a.u.) : 0.00000               
              Ave force (a.u.) : 0.00344               
--------------------------------------------------------------------------------
The final grid size is  [112 112  80]
Step    Energy(a.u.)            dE              dP              Nd      Nls     Time(s)         
0       -6.051994982423E+02     -6.051995E+02   2.131420E-01    1       1       6.203442E-01    
1       -6.052174014066E+02     -1.790316E-02   3.707874E-02    1       2       1.195979E+00    
2       -6.052208114373E+02     -3.410031E-03   9.225363E-02    1       2       1.779844E+00    
3       -6.052241939347E+02     -3.382497E-03   8.643394E-03    1       1       2.097138E+00    
4       -6.052244427414E+02     -2.488067E-04   3.894332E-03    1       2       2.689009E+00    
5       -6.052247566722E+02     -3.139308E-04   6.273660E-03    1       2       3.270646E+00    
6       -6.052249940205E+02     -2.373484E-04   3.028487E-03    1       1       3.584852E+00    
